2020-02-18 22:35:00,790 Instabot Started
2020-02-18 22:35:04,321 Received 19 medias.
2020-02-18 22:35:04,322 After filtration 10 medias left.
2020-02-18 22:37:44,325 Going to follow `user_id` 4897619201.
2020-02-18 22:39:15,371 Going to follow `user_id` 1816131523.
2020-02-18 22:39:19,355 Going to follow `user_id` 5587576645.
2020-02-18 22:39:23,158 Going to follow `user_id` 1480239878.
2020-02-18 22:39:26,191 Going to follow `user_id` 5448353864.
2020-02-18 22:39:30,840 Followed `user_id` 5448353864.
2020-02-18 22:39:30,882 Going to follow `user_id` 5373082312.
2020-02-18 22:39:33,557 Going to follow `user_id` 1664212431.
2020-02-18 22:39:37,083 Going to follow `user_id` 6861468623.
2020-02-18 22:39:40,718 Going to follow `user_id` 227894483.
2020-02-18 22:39:44,953 Going to follow `user_id` 1635247830.
2020-02-18 22:39:48,960 Going to follow `user_id` 242876247.
2020-02-18 22:39:53,315 Going to follow `user_id` 1473666682.
2020-02-18 22:39:56,174 Going to follow `user_id` 3875233177.
2020-02-18 22:41:14,459 Followed `user_id` 3875233177.
2020-02-18 22:41:14,494 Going to follow `user_id` 8360405019.
2020-02-18 22:41:17,565 Going to follow `user_id` 290763618.
2020-02-18 22:41:19,801 Going to follow `user_id` 2231620132.
2020-02-18 22:41:23,794 Going to follow `user_id` 8628666788.
2020-02-18 22:41:27,464 Going to follow `user_id` 1495070564.
2020-02-18 22:41:31,453 Going to follow `user_id` 217767531.
2020-02-18 22:41:35,922 Going to follow `user_id` 177711148.
2020-02-18 22:41:37,803 Going to follow `user_id` 1730351597.
2020-02-18 22:42:34,113 Followed `user_id` 1730351597.
2020-02-18 22:42:34,139 Going to follow `user_id` 1970045872.
2020-02-18 22:42:36,646 Going to follow `user_id` 3521172721.
2020-02-18 22:43:37,073 Followed `user_id` 3521172721.
2020-02-18 22:43:37,095 Going to follow `user_id` 2459969014.
2020-02-18 22:43:41,416 Going to follow `user_id` 7213614582.
2020-02-18 22:43:45,016 Going to follow `user_id` 284813112.
2020-02-18 22:43:47,758 Going to follow `user_id` 20737252089.
2020-02-18 22:43:49,543 Going to follow `user_id` 2125478714.
2020-02-18 22:45:12,179 Followed `user_id` 2125478714.
2020-02-18 22:45:12,203 Going to follow `user_id` 4116467388.
2020-02-18 22:47:13,903 Followed `user_id` 4116467388.
2020-02-18 22:47:13,921 Going to follow `user_id` 23189823486.
2020-02-18 22:47:15,900 Going to follow `user_id` 14482302082.
2020-02-18 22:49:14,080 Followed `user_id` 14482302082.
2020-02-18 22:50:51,388 Going to follow `user_id` 1724540554.
2020-02-18 22:50:59,287 Followed `user_id` 1724540554.
2020-02-18 22:50:59,313 Going to follow `user_id` 4078680845.
2020-02-18 22:53:11,248 Followed `user_id` 4078680845.
2020-02-18 22:53:11,273 Going to follow `user_id` 2008121616.
2020-02-18 22:53:13,729 Going to follow `user_id` 5596520082.
2020-02-18 22:54:10,568 Followed `user_id` 5596520082.
2020-02-18 22:54:10,599 Going to follow `user_id` 1465785365.
2020-02-18 22:54:12,904 Going to follow `user_id` 5833947800.
2020-02-18 22:54:16,426 Going to follow `user_id` 1941912091.
2020-02-18 22:54:18,633 Going to follow `user_id` 2265643682.
2020-02-18 22:55:02,106 Followed `user_id` 2265643682.
2020-02-18 22:55:02,126 Going to follow `user_id` 604590253.
2020-02-18 22:55:04,798 Going to follow `user_id` 328919725.
2020-02-18 22:55:07,968 Going to follow `user_id` 463689136.
2020-02-18 22:56:29,811 Followed `user_id` 463689136.
2020-02-18 22:56:29,861 Going to follow `user_id` 375405873.
2020-02-18 22:56:34,161 Going to follow `user_id` 1471301054.
2020-02-18 22:56:35,848 Going to follow `user_id` 2971013441.
2020-02-18 22:56:38,112 Going to follow `user_id` 218669890.
2020-02-18 22:56:42,248 Going to follow `user_id` 6074539074.
2020-02-18 22:56:44,441 Going to follow `user_id` 8171204.
2020-02-18 22:57:35,794 Followed `user_id` 8171204.
2020-02-18 22:57:35,824 Going to follow `user_id` 7906838598.
2020-02-18 22:57:40,109 Going to follow `user_id` 1573062730.
2020-02-18 22:57:43,278 Going to follow `user_id` 1792865618.
2020-02-18 22:59:05,851 Followed `user_id` 1792865618.
2020-02-18 22:59:05,884 Going to follow `user_id` 194518742.
2020-02-18 22:59:07,713 Going to follow `user_id` 4608229600.
2020-02-18 22:59:49,573 Followed `user_id` 4608229600.
2020-02-18 22:59:49,602 Going to follow `user_id` 1649261668.
2020-02-18 22:59:50,794 Going to follow `user_id` 6337970662.
2020-02-18 22:59:55,111 Going to follow `user_id` 46270694.
2020-02-18 23:01:44,416 Followed `user_id` 46270694.
2020-02-18 23:01:44,440 Going to follow `user_id` 1404015593.
2020-02-18 23:01:46,096 Going to follow `user_id` 1561663722.
2020-02-18 23:01:49,265 Going to follow `user_id` 531892210.
2020-02-18 23:01:50,732 Going to follow `user_id` 1421120120.
2020-02-18 23:01:52,381 Going to follow `user_id` 1693591551.
2020-02-18 23:01:55,773 Going to follow `user_id` 6337970662.
2020-02-18 23:01:57,293 Going to follow `user_id` 2274693251.
2020-02-18 23:03:26,357 `Follow` action has been BLOCKED...!!!
2020-02-18 23:03:26,359 Activating blocked actions                         protection for `Follow` action.
2020-02-18 23:03:26,387 Going to follow `user_id` 3907010442.
2020-02-18 23:03:28,475 Going to follow `user_id` 2164821260.
2020-02-18 23:03:30,247 Going to follow `user_id` 7463920397.
2020-02-18 23:03:34,213 Going to follow `user_id` 273657871.
2020-02-18 23:03:36,943 Going to follow `user_id` 389987601.
2020-02-18 23:03:39,568 Going to follow `user_id` 6231728466.
2020-02-18 23:03:44,249 Going to follow `user_id` 1557597524.
2020-02-18 23:03:47,560 YOUR `FOLLOW` ACTION IS BLOCKED
2020-02-18 23:03:47,564 blocked_actions_protection ACTIVE. Skipping `follow` action.
2020-02-18 23:03:47,577 Going to follow `user_id` 340446871.
2020-02-18 23:03:49,008 Going to follow `user_id` 4836639320.
2020-02-18 23:03:52,238 YOUR `FOLLOW` ACTION IS BLOCKED
2020-02-18 23:03:52,241 blocked_actions_protection ACTIVE. Skipping `follow` action.
2020-02-18 23:03:52,255 Going to follow `user_id` 325578395.
2020-02-18 23:03:54,232 YOUR `FOLLOW` ACTION IS BLOCKED
2020-02-18 23:03:54,234 blocked_actions_protection ACTIVE. Skipping `follow` action.
2020-02-18 23:03:54,255 Going to follow `user_id` 6119582812.
2020-02-18 23:03:58,293 Going to follow `user_id` 40549853.
2020-02-18 23:04:01,497 Going to follow `user_id` 5773605854.
2020-02-18 23:04:03,202 YOUR `FOLLOW` ACTION IS BLOCKED
2020-02-18 23:04:03,203 blocked_actions_protection ACTIVE. Skipping `follow` action.
2020-02-18 23:04:03,211 Going to follow `user_id` 604979871.
2020-02-18 23:04:05,564 Going to follow `user_id` 2934039332.
2020-02-18 23:04:08,528 YOUR `FOLLOW` ACTION IS BLOCKED
2020-02-18 23:04:08,530 blocked_actions_protection ACTIVE. Skipping `follow` action.
2020-02-18 23:04:08,551 Going to follow `user_id` 39664101.
2020-02-18 23:04:10,080 Going to follow `user_id` 5704831014.
2020-02-18 23:04:11,403 Going to follow `user_id` 833651624.
2020-02-18 23:04:15,227 YOUR `FOLLOW` ACTION IS BLOCKED
2020-02-18 23:04:15,230 blocked_actions_protection ACTIVE. Skipping `follow` action.
2020-02-18 23:04:15,241 Going to follow `user_id` 345793578.
2020-02-18 23:04:17,670 Going to follow `user_id` 584911662.
2020-02-18 23:04:19,743 Going to follow `user_id` 1396057267.
2020-02-18 23:04:23,540 YOUR `FOLLOW` ACTION IS BLOCKED
2020-02-18 23:04:23,541 blocked_actions_protection ACTIVE. Skipping `follow` action.
2020-02-18 23:04:23,551 Going to follow `user_id` 18810298.
2020-02-18 23:04:26,615 YOUR `FOLLOW` ACTION IS BLOCKED
2020-02-18 23:04:26,618 blocked_actions_protection ACTIVE. Skipping `follow` action.
2020-02-18 23:04:26,635 Going to follow `user_id` 49392641.
2020-02-18 23:04:30,898 Going to follow `user_id` 243168131.
2020-02-18 23:04:34,962 Going to follow `user_id` 3317057417.
2020-02-18 23:04:38,238 Going to follow `user_id` 50024203.
2020-02-18 23:04:39,518 YOUR `FOLLOW` ACTION IS BLOCKED
2020-02-18 23:04:39,520 blocked_actions_protection ACTIVE. Skipping `follow` action.
2020-02-18 23:04:39,531 Going to follow `user_id` 178306316.
2020-02-18 23:04:43,884 Going to follow `user_id` 596223372.
2020-02-18 23:04:46,516 Going to follow `user_id` 405246859.
2020-02-18 23:04:49,319 Going to follow `user_id` 13443989.
2020-02-18 23:04:52,159 YOUR `FOLLOW` ACTION IS BLOCKED
2020-02-18 23:04:52,161 blocked_actions_protection ACTIVE. Skipping `follow` action.
2020-02-18 23:04:52,175 Going to follow `user_id` 4361605654.
2020-02-18 23:04:54,521 YOUR `FOLLOW` ACTION IS BLOCKED
2020-02-18 23:04:54,524 blocked_actions_protection ACTIVE. Skipping `follow` action.
2020-02-18 23:04:54,536 Going to follow `user_id` 4463570456.
2020-02-18 23:04:56,546 YOUR `FOLLOW` ACTION IS BLOCKED
2020-02-18 23:04:56,548 blocked_actions_protection ACTIVE. Skipping `follow` action.
2020-02-18 23:04:56,570 Going to follow `user_id` 967282328.
2020-02-18 23:04:58,242 Going to follow `user_id` 273829274.
2020-02-18 23:05:00,367 Going to follow `user_id` 214187038.
2020-02-18 23:05:03,723 YOUR `FOLLOW` ACTION IS BLOCKED
2020-02-18 23:05:03,725 blocked_actions_protection ACTIVE. Skipping `follow` action.
2020-02-18 23:05:03,735 Going to follow `user_id` 261641376.
2020-02-18 23:05:05,348 Going to follow `user_id` 1558356389.
2020-02-18 23:05:07,761 Going to follow `user_id` 1871399.
2020-02-18 23:05:09,670 Going to follow `user_id` 173837224.
2020-02-18 23:05:13,818 YOUR `FOLLOW` ACTION IS BLOCKED
2020-02-18 23:05:13,820 blocked_actions_protection ACTIVE. Skipping `follow` action.
2020-02-18 23:05:13,830 Going to follow `user_id` 302439213.
2020-02-18 23:05:17,104 YOUR `FOLLOW` ACTION IS BLOCKED
2020-02-18 23:05:17,107 blocked_actions_protection ACTIVE. Skipping `follow` action.
2020-02-18 23:05:17,124 Going to follow `user_id` 178679855.
2020-02-18 23:05:20,828 YOUR `FOLLOW` ACTION IS BLOCKED
2020-02-18 23:05:20,829 blocked_actions_protection ACTIVE. Skipping `follow` action.
2020-02-18 23:05:20,838 Going to follow `user_id` 187218354.
2020-02-18 23:05:22,032 YOUR `FOLLOW` ACTION IS BLOCKED
2020-02-18 23:05:22,035 blocked_actions_protection ACTIVE. Skipping `follow` action.
2020-02-18 23:05:22,048 Going to follow `user_id` 9711543.
2020-02-18 23:05:25,969 Going to follow `user_id` 2211741887.
2020-02-18 23:05:27,602 YOUR `FOLLOW` ACTION IS BLOCKED
2020-02-18 23:05:27,604 blocked_actions_protection ACTIVE. Skipping `follow` action.
2020-02-18 23:05:27,611 Going to follow `user_id` 23283903.
2020-02-18 23:05:31,284 YOUR `FOLLOW` ACTION IS BLOCKED
2020-02-18 23:05:31,287 blocked_actions_protection ACTIVE. Skipping `follow` action.
2020-02-18 23:05:31,307 Going to follow `user_id` 2127299010.
