2020-02-18 23:21:42,221 Instabot Started
2020-02-18 23:21:44,812 Received 19 medias.
2020-02-18 23:21:44,813 After filtration 10 medias left.
2020-02-18 23:22:13,374 Going to follow `user_id` 194096451.
2020-02-18 23:23:15,835 Going to follow `user_id` 1706432838.
2020-02-18 23:23:18,667 Going to follow `user_id` 462600391.
2020-02-18 23:23:21,540 Going to follow `user_id` 1234118856.
2020-02-18 23:23:24,117 `Follow` action has been BLOCKED...!!!
2020-02-18 23:23:24,119 Activating blocked actions                         protection for `Follow` action.
2020-02-18 23:23:24,135 Going to follow `user_id` 214203219.
2020-02-18 23:23:27,261 Going to follow `user_id` 5617109.
2020-02-18 23:23:31,628 Going to follow `user_id` 276000733.
2020-02-18 23:23:33,690 Going to follow `user_id` 642431840.
2020-02-18 23:23:35,212 Going to follow `user_id` 547190752.
2020-02-18 23:23:38,784 Going to follow `user_id` 1601170533.
2020-02-18 23:23:41,807 YOUR `FOLLOW` ACTION IS BLOCKED
2020-02-18 23:23:41,810 blocked_actions_protection ACTIVE. Skipping `follow` action.
2020-02-18 23:23:41,841 Going to follow `user_id` 5668801643.
2020-02-18 23:23:45,901 Going to follow `user_id` 9165935.
2020-02-18 23:23:48,102 YOUR `FOLLOW` ACTION IS BLOCKED
2020-02-18 23:23:48,104 blocked_actions_protection ACTIVE. Skipping `follow` action.
2020-02-18 23:23:48,128 Going to follow `user_id` 633152113.
2020-02-18 23:23:52,581 Going to follow `user_id` 190139768.
2020-02-18 23:23:56,538 Going to follow `user_id` 2075761402.
2020-02-18 23:23:59,487 Going to follow `user_id` 633152113.
2020-02-18 23:24:02,238 Going to follow `user_id` 49392641.
2020-02-18 23:24:05,732 Going to follow `user_id` 3618359811.
2020-02-18 23:24:08,777 Going to follow `user_id` 998983306.
2020-02-18 23:24:12,074 Going to follow `user_id` 193378957.
2020-02-18 23:24:15,596 Going to follow `user_id` 3960654611.
2020-02-18 23:24:20,205 Going to follow `user_id` 1466044953.
2020-02-18 23:24:21,740 Going to follow `user_id` 7185564314.
2020-02-18 23:24:24,003 Going to follow `user_id` 4217805992.
2020-02-18 23:24:26,091 Going to follow `user_id` 4223344681.
2020-02-18 23:24:29,263 Going to follow `user_id` 1496286634.
2020-02-18 23:24:32,544 YOUR `FOLLOW` ACTION IS BLOCKED
2020-02-18 23:24:32,547 blocked_actions_protection ACTIVE. Skipping `follow` action.
2020-02-18 23:24:32,579 Going to follow `user_id` 2321141291.
2020-02-18 23:24:34,320 YOUR `FOLLOW` ACTION IS BLOCKED
2020-02-18 23:24:34,322 blocked_actions_protection ACTIVE. Skipping `follow` action.
2020-02-18 23:24:34,350 Going to follow `user_id` 203027756.
2020-02-18 23:24:36,944 Going to follow `user_id` 208298931.
2020-02-18 23:24:40,503 Going to follow `user_id` 617363001.
2020-02-18 23:24:42,424 YOUR `FOLLOW` ACTION IS BLOCKED
2020-02-18 23:24:42,427 blocked_actions_protection ACTIVE. Skipping `follow` action.
2020-02-18 23:24:42,457 Going to follow `user_id` 271054779.
2020-02-18 23:24:43,612 YOUR `FOLLOW` ACTION IS BLOCKED
2020-02-18 23:24:43,614 blocked_actions_protection ACTIVE. Skipping `follow` action.
2020-02-18 23:24:43,645 Going to follow `user_id` 383236164.
2020-02-18 23:24:46,901 Going to follow `user_id` 5877747269.
2020-02-18 23:24:49,396 Going to follow `user_id` 23609540.
2020-02-18 23:24:51,144 YOUR `FOLLOW` ACTION IS BLOCKED
2020-02-18 23:24:51,146 blocked_actions_protection ACTIVE. Skipping `follow` action.
2020-02-18 23:24:51,188 Going to follow `user_id` 3486195015.
2020-02-18 23:24:54,002 Going to follow `user_id` 3547462988.
2020-02-18 23:24:57,562 Going to follow `user_id` 3166049234.
2020-02-18 23:25:00,471 Going to follow `user_id` 5493990611.
