2020-02-19 00:27:06,872 Instabot Started
2020-02-19 00:27:11,967 Received 19 medias.
2020-02-19 00:27:11,968 After filtration 10 medias left.
2020-02-19 00:27:22,976 Going to follow `user_id` 1131407230.
2020-02-19 00:31:47,718 Going to follow `user_id` 617363001.
2020-02-19 00:31:51,649 `Follow` action has been BLOCKED...!!!
2020-02-19 00:31:51,652 Activating blocked actions                         protection for `Follow` action.
2020-02-19 00:35:20,684 Going to follow `user_id` 292998366.
2020-02-19 00:39:11,227 Going to follow `user_id` 617363001.
2020-02-19 00:39:14,631 YOUR `FOLLOW` ACTION IS BLOCKED
2020-02-19 00:39:14,634 blocked_actions_protection ACTIVE. Skipping `follow` action.
2020-02-19 00:43:16,666 Going to follow `user_id` 5499595718.
2020-02-19 00:46:46,159 Going to follow `user_id` 5458984776.
2020-02-19 00:50:52,112 Going to follow `user_id` 1446887179.
2020-02-19 00:50:56,084 YOUR `FOLLOW` ACTION IS BLOCKED
2020-02-19 00:50:56,086 blocked_actions_protection ACTIVE. Skipping `follow` action.
2020-02-19 00:55:12,107 Going to follow `user_id` 40977807.
2020-02-19 00:58:45,278 Going to follow `user_id` 472142420.
2020-02-19 00:58:46,671 YOUR `FOLLOW` ACTION IS BLOCKED
2020-02-19 00:58:46,673 blocked_actions_protection ACTIVE. Skipping `follow` action.
2020-02-19 01:02:40,692 Going to follow `user_id` 6488979349.
2020-02-19 01:02:44,247 YOUR `FOLLOW` ACTION IS BLOCKED
2020-02-19 01:02:44,250 blocked_actions_protection ACTIVE. Skipping `follow` action.
2020-02-19 01:07:09,296 Going to follow `user_id` 4506701780.
2020-02-19 01:13:29,430 Going to follow `user_id` 1419511959.
2020-02-19 01:17:18,325 Going to follow `user_id` 2958181080.
2020-02-19 01:20:50,943 Going to follow `user_id` 4498500891.
2020-02-19 01:25:38,186 Going to follow `user_id` 4226104220.
2020-02-19 01:25:42,152 YOUR `FOLLOW` ACTION IS BLOCKED
2020-02-19 01:25:42,155 blocked_actions_protection ACTIVE. Skipping `follow` action.
2020-02-19 01:29:14,183 Going to follow `user_id` 3106457500.
2020-02-19 01:32:50,527 Going to follow `user_id` 1239589278.
2020-02-19 01:36:17,170 Going to follow `user_id` 235329183.
2020-02-19 01:40:45,180 Going to follow `user_id` 2666286367.
2020-02-19 01:45:47,008 Going to follow `user_id` 2017100705.
2020-02-19 01:52:45,934 Going to follow `user_id` 2060003935.
2020-02-19 01:58:17,355 Going to follow `user_id` 5366853730.
2020-02-19 02:02:53,354 Going to follow `user_id` 4034240552.
2020-02-19 02:06:25,208 Going to follow `user_id` 5736479785.
2020-02-19 02:11:02,388 Going to follow `user_id` 1558009323.
2020-02-19 02:15:21,091 Going to follow `user_id` 173866416.
2020-02-19 02:15:26,400 YOUR `FOLLOW` ACTION IS BLOCKED
2020-02-19 02:15:26,402 blocked_actions_protection ACTIVE. Skipping `follow` action.
2020-02-19 02:19:03,427 Going to follow `user_id` 5337214836.
2020-02-19 02:24:02,764 Going to follow `user_id` 3076162043.
2020-02-19 02:28:32,453 Going to follow `user_id` 1390536698.
2020-02-19 02:28:36,575 YOUR `FOLLOW` ACTION IS BLOCKED
2020-02-19 02:28:36,577 blocked_actions_protection ACTIVE. Skipping `follow` action.
2020-02-19 02:33:13,614 Going to follow `user_id` 4818562235.
2020-02-19 02:37:11,956 Going to follow `user_id` 5444291325.
2020-02-19 02:37:14,512 YOUR `FOLLOW` ACTION IS BLOCKED
2020-02-19 02:37:14,514 blocked_actions_protection ACTIVE. Skipping `follow` action.
2020-02-19 02:41:35,546 Going to follow `user_id` 4034240552.
2020-02-19 02:45:56,874 Going to follow `user_id` 4780471733.
2020-02-19 02:50:35,132 Going to follow `user_id` 2992056320.
2020-02-19 02:54:45,376 Going to follow `user_id` 3255682052.
2020-02-19 02:54:47,736 YOUR `FOLLOW` ACTION IS BLOCKED
2020-02-19 02:54:47,739 blocked_actions_protection ACTIVE. Skipping `follow` action.
2020-02-19 02:59:47,867 Going to follow `user_id` 3105347461.
2020-02-19 03:04:22,126 Going to follow `user_id` 19148425.
2020-02-19 03:04:24,473 YOUR `FOLLOW` ACTION IS BLOCKED
2020-02-19 03:04:24,477 blocked_actions_protection ACTIVE. Skipping `follow` action.
2020-02-19 03:07:59,503 Going to follow `user_id` 1037863946.
2020-02-19 03:11:33,778 Going to follow `user_id` 1514217039.
2020-02-19 03:11:35,743 YOUR `FOLLOW` ACTION IS BLOCKED
2020-02-19 03:11:35,746 blocked_actions_protection ACTIVE. Skipping `follow` action.
2020-02-19 03:16:22,779 Going to follow `user_id` 1561393814.
2020-02-19 03:19:51,786 Going to follow `user_id` 576777238.
2020-02-19 03:19:56,171 YOUR `FOLLOW` ACTION IS BLOCKED
2020-02-19 03:19:56,174 blocked_actions_protection ACTIVE. Skipping `follow` action.
2020-02-19 03:23:37,223 Going to follow `user_id` 2135650903.
2020-02-19 03:27:06,223 Going to follow `user_id` 214461852.
2020-02-19 03:27:08,914 YOUR `FOLLOW` ACTION IS BLOCKED
2020-02-19 03:27:08,916 blocked_actions_protection ACTIVE. Skipping `follow` action.
2020-02-19 03:31:29,906 Going to follow `user_id` 3132443038.
2020-02-19 03:31:31,116 YOUR `FOLLOW` ACTION IS BLOCKED
2020-02-19 03:31:31,117 blocked_actions_protection ACTIVE. Skipping `follow` action.
2020-02-19 03:36:50,908 Going to follow `user_id` 3619836581.
2020-02-19 03:41:45,033 Going to follow `user_id` 2276359145.
2020-02-19 03:41:47,297 YOUR `FOLLOW` ACTION IS BLOCKED
2020-02-19 03:41:47,300 blocked_actions_protection ACTIVE. Skipping `follow` action.
2020-02-19 03:45:55,321 Going to follow `user_id` 3279012460.
2020-02-19 03:49:26,671 Going to follow `user_id` 3299827889.
2020-02-19 03:49:28,724 YOUR `FOLLOW` ACTION IS BLOCKED
2020-02-19 03:49:28,726 blocked_actions_protection ACTIVE. Skipping `follow` action.
2020-02-19 03:53:15,747 Going to follow `user_id` 2125002801.
2020-02-19 03:53:18,060 YOUR `FOLLOW` ACTION IS BLOCKED
2020-02-19 03:53:18,063 blocked_actions_protection ACTIVE. Skipping `follow` action.
2020-02-19 03:56:42,090 Going to follow `user_id` 1457265137.
2020-02-19 03:56:44,901 YOUR `FOLLOW` ACTION IS BLOCKED
2020-02-19 03:56:44,903 blocked_actions_protection ACTIVE. Skipping `follow` action.
2020-02-19 04:00:30,922 Going to follow `user_id` 517961912.
2020-02-19 04:04:11,405 Going to follow `user_id` 711356.
2020-02-19 04:10:46,194 Going to follow `user_id` 2939553214.
2020-02-19 04:15:17,426 Going to follow `user_id` 4920752130.
2020-02-19 04:19:24,300 Going to follow `user_id` 2274693251.
2020-02-19 04:19:26,260 YOUR `FOLLOW` ACTION IS BLOCKED
2020-02-19 04:19:26,262 blocked_actions_protection ACTIVE. Skipping `follow` action.
2020-02-19 04:24:24,279 Going to follow `user_id` 4185163140.
2020-02-19 04:28:16,186 Going to follow `user_id` 467037062.
2020-02-19 04:33:14,059 Going to follow `user_id` 1545518412.
2020-02-19 04:37:00,323 Going to follow `user_id` 3040861263.
2020-02-19 04:42:11,141 Going to follow `user_id` 614680913.
2020-02-19 04:46:42,002 Going to follow `user_id` 46339154.
2020-02-19 04:46:43,392 YOUR `FOLLOW` ACTION IS BLOCKED
2020-02-19 04:46:43,394 blocked_actions_protection ACTIVE. Skipping `follow` action.
2020-02-19 04:51:33,439 Going to follow `user_id` 205632593.
2020-02-19 04:56:52,293 Going to follow `user_id` 596136599.
2020-02-19 05:02:38,589 Going to follow `user_id` 54087448.
2020-02-19 05:08:02,278 Going to follow `user_id` 38095256.
2020-02-19 05:11:35,098 Going to follow `user_id` 1767242842.
2020-02-19 05:16:02,031 Going to follow `user_id` 4226104220.
2020-02-19 05:16:04,531 YOUR `FOLLOW` ACTION IS BLOCKED
2020-02-19 05:16:04,533 blocked_actions_protection ACTIVE. Skipping `follow` action.
2020-02-19 05:21:00,549 Going to follow `user_id` 4003414812.
2020-02-19 05:24:53,335 Going to follow `user_id` 4183582565.
2020-02-19 05:24:57,147 YOUR `FOLLOW` ACTION IS BLOCKED
2020-02-19 05:24:57,149 blocked_actions_protection ACTIVE. Skipping `follow` action.
2020-02-19 05:29:25,195 Going to follow `user_id` 3945853926.
2020-02-19 05:29:28,334 YOUR `FOLLOW` ACTION IS BLOCKED
2020-02-19 05:29:28,337 blocked_actions_protection ACTIVE. Skipping `follow` action.
2020-02-19 05:33:28,359 Going to follow `user_id` 28278440.
2020-02-19 05:38:07,340 Going to follow `user_id` 4152508073.
2020-02-19 05:38:09,009 YOUR `FOLLOW` ACTION IS BLOCKED
2020-02-19 05:38:09,011 blocked_actions_protection ACTIVE. Skipping `follow` action.
2020-02-19 05:42:44,305 Going to follow `user_id` 1558009323.
2020-02-19 05:47:36,045 Going to follow `user_id` 1583266673.
2020-02-19 05:52:02,421 Going to follow `user_id` 4818562235.
2020-02-19 05:55:46,981 Going to follow `user_id` 532728453.
2020-02-19 05:59:37,937 Going to follow `user_id` 257185543.
2020-02-19 06:04:18,977 Going to follow `user_id` 4221063.
2020-02-19 06:04:23,380 YOUR `FOLLOW` ACTION IS BLOCKED
2020-02-19 06:04:23,383 blocked_actions_protection ACTIVE. Skipping `follow` action.
2020-02-19 06:07:59,421 Going to follow `user_id` 4054893564.
2020-02-19 06:13:55,499 Going to follow `user_id` 601860365.
2020-02-19 06:20:29,659 Going to follow `user_id` 32001683.
2020-02-19 06:20:33,331 YOUR `FOLLOW` ACTION IS BLOCKED
2020-02-19 06:20:33,333 blocked_actions_protection ACTIVE. Skipping `follow` action.
2020-02-19 06:25:50,135 Going to follow `user_id` 33233816.
2020-02-19 06:30:27,012 Going to follow `user_id` 977408290.
2020-02-19 06:34:21,693 Going to follow `user_id` 1658727461.
2020-02-19 06:39:01,534 Going to follow `user_id` 18501551.
2020-02-19 06:39:02,739 YOUR `FOLLOW` ACTION IS BLOCKED
2020-02-19 06:39:02,740 blocked_actions_protection ACTIVE. Skipping `follow` action.
2020-02-19 06:43:32,758 Going to follow `user_id` 197158710.
2020-02-19 06:47:52,037 Going to follow `user_id` 180039738.
2020-02-19 06:51:33,422 Going to follow `user_id` 4107013183.
2020-02-19 06:55:58,097 Going to follow `user_id` 2286554431.
2020-02-19 07:01:40,144 Going to follow `user_id` 1294074431.
2020-02-19 07:01:41,905 YOUR `FOLLOW` ACTION IS BLOCKED
2020-02-19 07:01:41,907 blocked_actions_protection ACTIVE. Skipping `follow` action.
