[0812/113119.474:INFO:CONSOLE(0)] "The resource https://pagead2.googlesyndication.com/pagead/js/r20190807/r20190131/show_ads_impl.js was preloaded using link preload but not used within a few seconds from the window's load event. Please make sure it has an appropriate `as` value and it is preloaded intentionally.", source:  (0)
[0812/113210.849:INFO:CONSOLE(0)] "The resource https://pagead2.googlesyndication.com/pagead/js/r20190807/r20190131/show_ads_impl.js was preloaded using link preload but not used within a few seconds from the window's load event. Please make sure it has an appropriate `as` value and it is preloaded intentionally.", source:  (0)
[0812/113226.862:WARNING:url_request_job_manager.cc(91)] Failed to map: chrome-extension://invalid/
[0812/113226.870:WARNING:url_request_job_manager.cc(91)] Failed to map: chrome-extension://invalid/
[0812/113231.087:INFO:CONSOLE(0)] "The resource https://pagead2.googlesyndication.com/pagead/js/r20190807/r20190131/show_ads_impl.js was preloaded using link preload but not used within a few seconds from the window's load event. Please make sure it has an appropriate `as` value and it is preloaded intentionally.", source:  (0)
[0812/114155.034:INFO:CONSOLE(0)] "The resource https://pagead2.googlesyndication.com/pagead/js/r20190807/r20190131/show_ads_impl.js was preloaded using link preload but not used within a few seconds from the window's load event. Please make sure it has an appropriate `as` value and it is preloaded intentionally.", source:  (0)
[0812/114250.066:INFO:CONSOLE(0)] "The resource https://pagead2.googlesyndication.com/pagead/js/r20190807/r20190131/show_ads_impl.js was preloaded using link preload but not used within a few seconds from the window's load event. Please make sure it has an appropriate `as` value and it is preloaded intentionally.", source:  (0)
[0812/114400.355:INFO:child_thread_impl.cc(766)] ChildThreadImpl::EnsureConnected()
[0812/114812.363:INFO:CONSOLE(0)] "The resource https://pagead2.googlesyndication.com/pagead/js/r20190807/r20190131/show_ads_impl.js was preloaded using link preload but not used within a few seconds from the window's load event. Please make sure it has an appropriate `as` value and it is preloaded intentionally.", source:  (0)
[0812/114927.126:INFO:CONSOLE(0)] "The resource https://pagead2.googlesyndication.com/pagead/js/r20190807/r20190131/show_ads_impl.js was preloaded using link preload but not used within a few seconds from the window's load event. Please make sure it has an appropriate `as` value and it is preloaded intentionally.", source:  (0)
[0812/133951.364:INFO:CONSOLE(0)] "The resource https://pagead2.googlesyndication.com/pagead/js/r20190807/r20190131/show_ads_impl.js was preloaded using link preload but not used within a few seconds from the window's load event. Please make sure it has an appropriate `as` value and it is preloaded intentionally.", source:  (0)
[0812/134914.056:INFO:CONSOLE(0)] "The resource https://pagead2.googlesyndication.com/pagead/js/r20190807/r20190131/show_ads_impl.js was preloaded using link preload but not used within a few seconds from the window's load event. Please make sure it has an appropriate `as` value and it is preloaded intentionally.", source:  (0)
[0812/135110.584:INFO:CONSOLE(0)] "The resource https://pagead2.googlesyndication.com/pagead/js/r20190807/r20190131/show_ads_impl.js was preloaded using link preload but not used within a few seconds from the window's load event. Please make sure it has an appropriate `as` value and it is preloaded intentionally.", source:  (0)
[0812/135446.748:INFO:CONSOLE(0)] "The resource https://pagead2.googlesyndication.com/pagead/js/r20190807/r20190131/show_ads_impl.js was preloaded using link preload but not used within a few seconds from the window's load event. Please make sure it has an appropriate `as` value and it is preloaded intentionally.", source:  (0)
[0812/140849.711:WARNING:spdy_session.cc(3180)] Received HEADERS for invalid stream 3
[0812/140849.711:WARNING:spdy_session.cc(3180)] Received HEADERS for invalid stream 3
[0812/140849.712:WARNING:spdy_session.cc(3180)] Received HEADERS for invalid stream 1
[0812/142416.429:INFO:CONSOLE(0)] "The resource https://pagead2.googlesyndication.com/pagead/js/r20190807/r20190131/show_ads_impl.js was preloaded using link preload but not used within a few seconds from the window's load event. Please make sure it has an appropriate `as` value and it is preloaded intentionally.", source:  (0)
[0812/143223.895:INFO:CONSOLE(0)] "The resource https://pagead2.googlesyndication.com/pagead/js/r20190807/r20190131/show_ads_impl.js was preloaded using link preload but not used within a few seconds from the window's load event. Please make sure it has an appropriate `as` value and it is preloaded intentionally.", source:  (0)
[0812/143759.958:INFO:CONSOLE(0)] "The resource https://pagead2.googlesyndication.com/pagead/js/r20190807/r20190131/show_ads_impl.js was preloaded using link preload but not used within a few seconds from the window's load event. Please make sure it has an appropriate `as` value and it is preloaded intentionally.", source:  (0)
[0812/144001.221:INFO:CONSOLE(0)] "The resource https://pagead2.googlesyndication.com/pagead/js/r20190807/r20190131/show_ads_impl.js was preloaded using link preload but not used within a few seconds from the window's load event. Please make sure it has an appropriate `as` value and it is preloaded intentionally.", source:  (0)
[0812/145257.193:INFO:CONSOLE(0)] "The resource https://pagead2.googlesyndication.com/pagead/js/r20190807/r20190131/show_ads_impl.js was preloaded using link preload but not used within a few seconds from the window's load event. Please make sure it has an appropriate `as` value and it is preloaded intentionally.", source:  (0)
[0812/145450.974:INFO:CONSOLE(0)] "The resource https://pagead2.googlesyndication.com/pagead/js/r20190807/r20190131/show_ads_impl.js was preloaded using link preload but not used within a few seconds from the window's load event. Please make sure it has an appropriate `as` value and it is preloaded intentionally.", source:  (0)
[0812/145541.345:INFO:CONSOLE(0)] "The resource https://pagead2.googlesyndication.com/pagead/js/r20190807/r20190131/show_ads_impl.js was preloaded using link preload but not used within a few seconds from the window's load event. Please make sure it has an appropriate `as` value and it is preloaded intentionally.", source:  (0)
[0812/145641.786:INFO:CONSOLE(0)] "The resource https://pagead2.googlesyndication.com/pagead/js/r20190807/r20190131/show_ads_impl.js was preloaded using link preload but not used within a few seconds from the window's load event. Please make sure it has an appropriate `as` value and it is preloaded intentionally.", source:  (0)
[0812/145821.549:INFO:CONSOLE(0)] "The resource https://pagead2.googlesyndication.com/pagead/js/r20190807/r20190131/show_ads_impl.js was preloaded using link preload but not used within a few seconds from the window's load event. Please make sure it has an appropriate `as` value and it is preloaded intentionally.", source:  (0)
[0812/145911.849:INFO:CONSOLE(0)] "The resource https://pagead2.googlesyndication.com/pagead/js/r20190807/r20190131/show_ads_impl.js was preloaded using link preload but not used within a few seconds from the window's load event. Please make sure it has an appropriate `as` value and it is preloaded intentionally.", source:  (0)
[0812/150002.207:INFO:CONSOLE(0)] "The resource https://pagead2.googlesyndication.com/pagead/js/r20190807/r20190131/show_ads_impl.js was preloaded using link preload but not used within a few seconds from the window's load event. Please make sure it has an appropriate `as` value and it is preloaded intentionally.", source:  (0)
[0812/150052.650:INFO:CONSOLE(0)] "The resource https://pagead2.googlesyndication.com/pagead/js/r20190807/r20190131/show_ads_impl.js was preloaded using link preload but not used within a few seconds from the window's load event. Please make sure it has an appropriate `as` value and it is preloaded intentionally.", source:  (0)
[0812/150323.129:INFO:CONSOLE(0)] "The resource https://pagead2.googlesyndication.com/pagead/js/r20190807/r20190131/show_ads_impl.js was preloaded using link preload but not used within a few seconds from the window's load event. Please make sure it has an appropriate `as` value and it is preloaded intentionally.", source:  (0)
[0812/150411.877:INFO:CONSOLE(0)] "The resource https://pagead2.googlesyndication.com/pagead/js/r20190807/r20190131/show_ads_impl.js was preloaded using link preload but not used within a few seconds from the window's load event. Please make sure it has an appropriate `as` value and it is preloaded intentionally.", source:  (0)
[0812/150501.379:INFO:CONSOLE(0)] "The resource https://pagead2.googlesyndication.com/pagead/js/r20190807/r20190131/show_ads_impl.js was preloaded using link preload but not used within a few seconds from the window's load event. Please make sure it has an appropriate `as` value and it is preloaded intentionally.", source:  (0)
[0812/150551.684:INFO:CONSOLE(0)] "The resource https://pagead2.googlesyndication.com/pagead/js/r20190807/r20190131/show_ads_impl.js was preloaded using link preload but not used within a few seconds from the window's load event. Please make sure it has an appropriate `as` value and it is preloaded intentionally.", source:  (0)
[0812/150641.743:INFO:CONSOLE(0)] "The resource https://pagead2.googlesyndication.com/pagead/js/r20190807/r20190131/show_ads_impl.js was preloaded using link preload but not used within a few seconds from the window's load event. Please make sure it has an appropriate `as` value and it is preloaded intentionally.", source:  (0)
[0812/150731.800:INFO:CONSOLE(0)] "The resource https://pagead2.googlesyndication.com/pagead/js/r20190807/r20190131/show_ads_impl.js was preloaded using link preload but not used within a few seconds from the window's load event. Please make sure it has an appropriate `as` value and it is preloaded intentionally.", source:  (0)
[0812/150822.553:INFO:CONSOLE(0)] "The resource https://pagead2.googlesyndication.com/pagead/js/r20190807/r20190131/show_ads_impl.js was preloaded using link preload but not used within a few seconds from the window's load event. Please make sure it has an appropriate `as` value and it is preloaded intentionally.", source:  (0)
[0812/151002.570:INFO:CONSOLE(0)] "The resource https://pagead2.googlesyndication.com/pagead/js/r20190807/r20190131/show_ads_impl.js was preloaded using link preload but not used within a few seconds from the window's load event. Please make sure it has an appropriate `as` value and it is preloaded intentionally.", source:  (0)
[0812/151052.707:INFO:CONSOLE(0)] "The resource https://pagead2.googlesyndication.com/pagead/js/r20190807/r20190131/show_ads_impl.js was preloaded using link preload but not used within a few seconds from the window's load event. Please make sure it has an appropriate `as` value and it is preloaded intentionally.", source:  (0)
[0812/151143.274:INFO:CONSOLE(0)] "The resource https://pagead2.googlesyndication.com/pagead/js/r20190807/r20190131/show_ads_impl.js was preloaded using link preload but not used within a few seconds from the window's load event. Please make sure it has an appropriate `as` value and it is preloaded intentionally.", source:  (0)
[0812/151233.408:INFO:CONSOLE(0)] "The resource https://pagead2.googlesyndication.com/pagead/js/r20190807/r20190131/show_ads_impl.js was preloaded using link preload but not used within a few seconds from the window's load event. Please make sure it has an appropriate `as` value and it is preloaded intentionally.", source:  (0)
[0812/151323.856:INFO:CONSOLE(0)] "The resource https://pagead2.googlesyndication.com/pagead/js/r20190807/r20190131/show_ads_impl.js was preloaded using link preload but not used within a few seconds from the window's load event. Please make sure it has an appropriate `as` value and it is preloaded intentionally.", source:  (0)
[0812/151504.181:INFO:CONSOLE(0)] "The resource https://pagead2.googlesyndication.com/pagead/js/r20190807/r20190131/show_ads_impl.js was preloaded using link preload but not used within a few seconds from the window's load event. Please make sure it has an appropriate `as` value and it is preloaded intentionally.", source:  (0)
[0812/151554.359:INFO:CONSOLE(0)] "The resource https://pagead2.googlesyndication.com/pagead/js/r20190807/r20190131/show_ads_impl.js was preloaded using link preload but not used within a few seconds from the window's load event. Please make sure it has an appropriate `as` value and it is preloaded intentionally.", source:  (0)
[0812/151642.059:INFO:CONSOLE(523)] "Powered by AMP ⚡ HTML – Version 1907301630320", source: https://cdn.ampproject.org/rtv/011907301630320/amp4ads-v0.js (523)
[0812/151645.232:INFO:CONSOLE(0)] "The resource https://pagead2.googlesyndication.com/pagead/js/r20190807/r20190131/show_ads_impl.js was preloaded using link preload but not used within a few seconds from the window's load event. Please make sure it has an appropriate `as` value and it is preloaded intentionally.", source:  (0)
[0812/151734.994:INFO:CONSOLE(0)] "The resource https://pagead2.googlesyndication.com/pagead/js/r20190807/r20190131/show_ads_impl.js was preloaded using link preload but not used within a few seconds from the window's load event. Please make sure it has an appropriate `as` value and it is preloaded intentionally.", source:  (0)
[0812/151916.006:INFO:CONSOLE(0)] "The resource https://pagead2.googlesyndication.com/pagead/js/r20190807/r20190131/show_ads_impl.js was preloaded using link preload but not used within a few seconds from the window's load event. Please make sure it has an appropriate `as` value and it is preloaded intentionally.", source:  (0)
[0812/152002.466:INFO:CONSOLE(1)] "Uncaught ReferenceError: buildAttribution is not defined", source: https://googleads.g.doubleclick.net/pagead/ads?client=ca-pub-9004889619110409&output=html&h=280&slotname=8424931188&adk=2907429128&adf=3575291887&w=462&fwr_io=true&fwrn=4&fwrnh=100&lmt=1565598001&rafmt=1&guci=2.2.0.0.2.2.0.0&format=462x280&url=https%3A%2F%2Fwww.howkteam.vn%2F&flash=0&fwr=0&fwrattr=true&resp_fmts=3&wgl=1&adsid=NT&dt=1565598001636&bpp=70&bdt=204&fdt=114&idt=114&shv=r20190807&cbv=r20190131&saldr=aa&abxe=1&correlator=88834302084&frm=20&pv=2&ga_vid=1832711767.1565584275&ga_sid=1565598002&ga_hid=2138369339&ga_fc=0&iag=0&icsg=764927&dssz=11&mdo=0&mso=0&u_tz=420&u_his=1&u_java=0&u_h=1080&u_w=1920&u_ah=1080&u_aw=1920&u_cd=0&u_nplug=2&u_nmime=2&adx=507&ady=343&biw=983&bih=500&scr_x=25&scr_y=200&eid=20199335%2C410075105&oid=3&rx=0&eae=0&fc=656&brdim=0%2C0%2C0%2C0%2C1920%2C0%2C1000%2C500%2C1000%2C500&vis=1&rsz=%7C%7CpeE%7C&abl=CS&pfx=0&fu=1168&bc=31&osw_key=731363909&ifi=1&uci=a!1&fsb=1&xpc=H6dwdSB022&p=https%3A//www.howkteam.vn&dtd=137 (1)
[0812/152002.469:INFO:CONSOLE(1)] "Uncaught ReferenceError: osdlfm is not defined", source: https://googleads.g.doubleclick.net/pagead/ads?client=ca-pub-9004889619110409&output=html&h=280&slotname=8424931188&adk=2907429128&adf=3575291887&w=462&fwr_io=true&fwrn=4&fwrnh=100&lmt=1565598001&rafmt=1&guci=2.2.0.0.2.2.0.0&format=462x280&url=https%3A%2F%2Fwww.howkteam.vn%2F&flash=0&fwr=0&fwrattr=true&resp_fmts=3&wgl=1&adsid=NT&dt=1565598001636&bpp=70&bdt=204&fdt=114&idt=114&shv=r20190807&cbv=r20190131&saldr=aa&abxe=1&correlator=88834302084&frm=20&pv=2&ga_vid=1832711767.1565584275&ga_sid=1565598002&ga_hid=2138369339&ga_fc=0&iag=0&icsg=764927&dssz=11&mdo=0&mso=0&u_tz=420&u_his=1&u_java=0&u_h=1080&u_w=1920&u_ah=1080&u_aw=1920&u_cd=0&u_nplug=2&u_nmime=2&adx=507&ady=343&biw=983&bih=500&scr_x=25&scr_y=200&eid=20199335%2C410075105&oid=3&rx=0&eae=0&fc=656&brdim=0%2C0%2C0%2C0%2C1920%2C0%2C1000%2C500%2C1000%2C500&vis=1&rsz=%7C%7CpeE%7C&abl=CS&pfx=0&fu=1168&bc=31&osw_key=731363909&ifi=1&uci=a!1&fsb=1&xpc=H6dwdSB022&p=https%3A//www.howkteam.vn&dtd=137 (1)
[0812/152002.470:INFO:CONSOLE(1)] "Uncaught ReferenceError: googqscp is not defined", source: https://googleads.g.doubleclick.net/pagead/ads?client=ca-pub-9004889619110409&output=html&h=280&slotname=8424931188&adk=2907429128&adf=3575291887&w=462&fwr_io=true&fwrn=4&fwrnh=100&lmt=1565598001&rafmt=1&guci=2.2.0.0.2.2.0.0&format=462x280&url=https%3A%2F%2Fwww.howkteam.vn%2F&flash=0&fwr=0&fwrattr=true&resp_fmts=3&wgl=1&adsid=NT&dt=1565598001636&bpp=70&bdt=204&fdt=114&idt=114&shv=r20190807&cbv=r20190131&saldr=aa&abxe=1&correlator=88834302084&frm=20&pv=2&ga_vid=1832711767.1565584275&ga_sid=1565598002&ga_hid=2138369339&ga_fc=0&iag=0&icsg=764927&dssz=11&mdo=0&mso=0&u_tz=420&u_his=1&u_java=0&u_h=1080&u_w=1920&u_ah=1080&u_aw=1920&u_cd=0&u_nplug=2&u_nmime=2&adx=507&ady=343&biw=983&bih=500&scr_x=25&scr_y=200&eid=20199335%2C410075105&oid=3&rx=0&eae=0&fc=656&brdim=0%2C0%2C0%2C0%2C1920%2C0%2C1000%2C500%2C1000%2C500&vis=1&rsz=%7C%7CpeE%7C&abl=CS&pfx=0&fu=1168&bc=31&osw_key=731363909&ifi=1&uci=a!1&fsb=1&xpc=H6dwdSB022&p=https%3A//www.howkteam.vn&dtd=137 (1)
[0812/152002.676:ERROR:validation_errors.cc(76)] Invalid message: VALIDATION_ERROR_UNEXPECTED_NULL_POINTER (null field 1)
[0812/152052.081:ERROR:validation_errors.cc(76)] Invalid message: VALIDATION_ERROR_UNEXPECTED_NULL_POINTER (null field 1)
[0812/152142.215:ERROR:validation_errors.cc(76)] Invalid message: VALIDATION_ERROR_UNEXPECTED_NULL_POINTER (null field 1)
[0812/152232.475:ERROR:validation_errors.cc(76)] Invalid message: VALIDATION_ERROR_UNEXPECTED_NULL_POINTER (null field 1)
[0812/152723.631:WARNING:backend_impl.cc(1853)] Destroying invalid entry.
[0812/152723.665:WARNING:backend_impl.cc(1853)] Destroying invalid entry.
[0812/152723.689:WARNING:backend_impl.cc(1853)] Destroying invalid entry.
[0812/152723.871:WARNING:backend_impl.cc(1853)] Destroying invalid entry.
[0812/152723.871:WARNING:backend_impl.cc(1853)] Destroying invalid entry.
[0812/152724.201:WARNING:backend_impl.cc(1645)] Messed up entry found.
[0812/152724.201:WARNING:backend_impl.cc(1853)] Destroying invalid entry.
[0812/152727.805:INFO:CONSOLE(0)] "The resource https://pagead2.googlesyndication.com/pagead/js/r20190807/r20190131/show_ads_impl.js was preloaded using link preload but not used within a few seconds from the window's load event. Please make sure it has an appropriate `as` value and it is preloaded intentionally.", source:  (0)
[0812/152936.533:INFO:CONSOLE(0)] "The resource https://pagead2.googlesyndication.com/pagead/js/r20190807/r20190131/show_ads_impl.js was preloaded using link preload but not used within a few seconds from the window's load event. Please make sure it has an appropriate `as` value and it is preloaded intentionally.", source:  (0)
[0812/153117.144:INFO:CONSOLE(0)] "The resource https://pagead2.googlesyndication.com/pagead/js/r20190807/r20190131/show_ads_impl.js was preloaded using link preload but not used within a few seconds from the window's load event. Please make sure it has an appropriate `as` value and it is preloaded intentionally.", source:  (0)
[0812/153206.791:INFO:CONSOLE(0)] "The resource https://pagead2.googlesyndication.com/pagead/js/r20190807/r20190131/show_ads_impl.js was preloaded using link preload but not used within a few seconds from the window's load event. Please make sure it has an appropriate `as` value and it is preloaded intentionally.", source:  (0)
[0812/153257.077:INFO:CONSOLE(0)] "The resource https://pagead2.googlesyndication.com/pagead/js/r20190807/r20190131/show_ads_impl.js was preloaded using link preload but not used within a few seconds from the window's load event. Please make sure it has an appropriate `as` value and it is preloaded intentionally.", source:  (0)
[0812/153347.223:INFO:CONSOLE(0)] "The resource https://pagead2.googlesyndication.com/pagead/js/r20190807/r20190131/show_ads_impl.js was preloaded using link preload but not used within a few seconds from the window's load event. Please make sure it has an appropriate `as` value and it is preloaded intentionally.", source:  (0)
[0812/153437.522:INFO:CONSOLE(0)] "The resource https://pagead2.googlesyndication.com/pagead/js/r20190807/r20190131/show_ads_impl.js was preloaded using link preload but not used within a few seconds from the window's load event. Please make sure it has an appropriate `as` value and it is preloaded intentionally.", source:  (0)
[0812/153528.334:INFO:CONSOLE(0)] "The resource https://pagead2.googlesyndication.com/pagead/js/r20190807/r20190131/show_ads_impl.js was preloaded using link preload but not used within a few seconds from the window's load event. Please make sure it has an appropriate `as` value and it is preloaded intentionally.", source:  (0)
[0812/153618.239:INFO:CONSOLE(0)] "The resource https://pagead2.googlesyndication.com/pagead/js/r20190807/r20190131/show_ads_impl.js was preloaded using link preload but not used within a few seconds from the window's load event. Please make sure it has an appropriate `as` value and it is preloaded intentionally.", source:  (0)
[0812/153848.568:INFO:CONSOLE(0)] "The resource https://pagead2.googlesyndication.com/pagead/js/r20190807/r20190131/show_ads_impl.js was preloaded using link preload but not used within a few seconds from the window's load event. Please make sure it has an appropriate `as` value and it is preloaded intentionally.", source:  (0)
[0812/153938.909:INFO:CONSOLE(0)] "The resource https://pagead2.googlesyndication.com/pagead/js/r20190807/r20190131/show_ads_impl.js was preloaded using link preload but not used within a few seconds from the window's load event. Please make sure it has an appropriate `as` value and it is preloaded intentionally.", source:  (0)
[0812/154029.176:INFO:CONSOLE(0)] "The resource https://pagead2.googlesyndication.com/pagead/js/r20190807/r20190131/show_ads_impl.js was preloaded using link preload but not used within a few seconds from the window's load event. Please make sure it has an appropriate `as` value and it is preloaded intentionally.", source:  (0)
[0812/154119.361:INFO:CONSOLE(0)] "The resource https://pagead2.googlesyndication.com/pagead/js/r20190807/r20190131/show_ads_impl.js was preloaded using link preload but not used within a few seconds from the window's load event. Please make sure it has an appropriate `as` value and it is preloaded intentionally.", source:  (0)
[0812/154209.768:INFO:CONSOLE(0)] "The resource https://pagead2.googlesyndication.com/pagead/js/r20190807/r20190131/show_ads_impl.js was preloaded using link preload but not used within a few seconds from the window's load event. Please make sure it has an appropriate `as` value and it is preloaded intentionally.", source:  (0)
[0812/154300.316:INFO:CONSOLE(0)] "The resource https://pagead2.googlesyndication.com/pagead/js/r20190807/r20190131/show_ads_impl.js was preloaded using link preload but not used within a few seconds from the window's load event. Please make sure it has an appropriate `as` value and it is preloaded intentionally.", source:  (0)
[0812/154336.114:WARNING:spdy_session.cc(3180)] Received HEADERS for invalid stream 11
[0812/154350.400:INFO:CONSOLE(0)] "The resource https://pagead2.googlesyndication.com/pagead/js/r20190807/r20190131/show_ads_impl.js was preloaded using link preload but not used within a few seconds from the window's load event. Please make sure it has an appropriate `as` value and it is preloaded intentionally.", source:  (0)
[0815/160738.197:WARNING:resource_bundle.cc(357)] locale_file_path.empty() for locale 
[0815/160738.220:ERROR:main_delegate.cc(781)] Could not load locale pak for en-US
[0815/160738.598:WARNING:resource_bundle.cc(933)] locale resources are not loaded
[0815/160738.599:WARNING:resource_bundle.cc(933)] locale resources are not loaded
[0815/160738.599:WARNING:resource_bundle.cc(933)] locale resources are not loaded
[0815/160738.599:WARNING:resource_bundle.cc(933)] locale resources are not loaded
[0815/160738.599:WARNING:resource_bundle.cc(933)] locale resources are not loaded
[0815/160738.599:WARNING:resource_bundle.cc(933)] locale resources are not loaded
[0815/160738.599:WARNING:resource_bundle.cc(933)] locale resources are not loaded
[0815/160738.599:WARNING:resource_bundle.cc(933)] locale resources are not loaded
[0815/160738.599:WARNING:resource_bundle.cc(933)] locale resources are not loaded
[0815/160738.599:WARNING:resource_bundle.cc(933)] locale resources are not loaded
[0815/160738.599:WARNING:resource_bundle.cc(933)] locale resources are not loaded
[0815/160738.599:WARNING:resource_bundle.cc(933)] locale resources are not loaded
[0815/160738.621:WARNING:resource_bundle.cc(933)] locale resources are not loaded
[0815/160738.621:WARNING:resource_bundle.cc(933)] locale resources are not loaded
[0815/160738.621:WARNING:resource_bundle.cc(933)] locale resources are not loaded
[0815/160738.621:WARNING:resource_bundle.cc(933)] locale resources are not loaded
[0815/160738.621:WARNING:resource_bundle.cc(933)] locale resources are not loaded
[0815/160738.621:WARNING:resource_bundle.cc(933)] locale resources are not loaded
[0815/160738.621:WARNING:resource_bundle.cc(933)] locale resources are not loaded
[0815/160738.621:WARNING:resource_bundle.cc(933)] locale resources are not loaded
[0815/160738.621:WARNING:resource_bundle.cc(933)] locale resources are not loaded
[0815/160738.621:WARNING:resource_bundle.cc(933)] locale resources are not loaded
[0815/160738.621:WARNING:resource_bundle.cc(933)] locale resources are not loaded
[0815/160738.621:WARNING:resource_bundle.cc(933)] locale resources are not loaded
[0815/160738.621:WARNING:resource_bundle.cc(933)] locale resources are not loaded
[0815/160738.621:WARNING:resource_bundle.cc(933)] locale resources are not loaded
[0815/160738.621:WARNING:resource_bundle.cc(933)] locale resources are not loaded
[0815/160738.621:WARNING:resource_bundle.cc(933)] locale resources are not loaded
[0815/160738.621:WARNING:resource_bundle.cc(933)] locale resources are not loaded
[0815/160738.621:WARNING:resource_bundle.cc(933)] locale resources are not loaded
[0815/160738.621:WARNING:resource_bundle.cc(933)] locale resources are not loaded
[0815/160738.621:WARNING:resource_bundle.cc(933)] locale resources are not loaded
[0815/160738.621:WARNING:resource_bundle.cc(933)] locale resources are not loaded
[0815/160738.621:WARNING:resource_bundle.cc(933)] locale resources are not loaded
[0815/160738.621:WARNING:resource_bundle.cc(933)] locale resources are not loaded
[0815/160738.621:WARNING:resource_bundle.cc(933)] locale resources are not loaded
[0815/160738.621:WARNING:resource_bundle.cc(933)] locale resources are not loaded
[0815/160738.622:WARNING:resource_bundle.cc(933)] locale resources are not loaded
[0815/160738.622:WARNING:resource_bundle.cc(933)] locale resources are not loaded
[0815/160738.622:WARNING:resource_bundle.cc(933)] locale resources are not loaded
[0815/160738.623:WARNING:resource_bundle.cc(933)] locale resources are not loaded
[0815/160738.623:WARNING:resource_bundle.cc(933)] locale resources are not loaded
[0815/160738.623:WARNING:resource_bundle.cc(933)] locale resources are not loaded
[0815/160738.623:WARNING:resource_bundle.cc(933)] locale resources are not loaded
[0815/160802.007:WARNING:resource_bundle.cc(357)] locale_file_path.empty() for locale 
[0815/160802.034:ERROR:main_delegate.cc(781)] Could not load locale pak for en-US
[0815/160802.702:WARNING:resource_bundle.cc(933)] locale resources are not loaded
[0815/160802.738:WARNING:resource_bundle.cc(933)] locale resources are not loaded
[0815/160802.738:WARNING:resource_bundle.cc(933)] locale resources are not loaded
[0815/160802.753:WARNING:resource_bundle.cc(933)] locale resources are not loaded
[0815/160802.753:WARNING:resource_bundle.cc(933)] locale resources are not loaded
[0815/160802.753:WARNING:resource_bundle.cc(933)] locale resources are not loaded
[0815/160802.753:WARNING:resource_bundle.cc(933)] locale resources are not loaded
[0815/160802.753:WARNING:resource_bundle.cc(933)] locale resources are not loaded
[0815/160802.753:WARNING:resource_bundle.cc(933)] locale resources are not loaded
[0815/160802.753:WARNING:resource_bundle.cc(933)] locale resources are not loaded
[0815/160802.753:WARNING:resource_bundle.cc(933)] locale resources are not loaded
[0815/160802.753:WARNING:resource_bundle.cc(933)] locale resources are not loaded
[0815/160802.753:WARNING:resource_bundle.cc(933)] locale resources are not loaded
[0815/160802.753:WARNING:resource_bundle.cc(933)] locale resources are not loaded
[0815/160802.753:WARNING:resource_bundle.cc(933)] locale resources are not loaded
[0815/160802.754:WARNING:resource_bundle.cc(933)] locale resources are not loaded
[0815/160802.754:WARNING:resource_bundle.cc(933)] locale resources are not loaded
[0815/160802.754:WARNING:resource_bundle.cc(933)] locale resources are not loaded
[0815/160802.754:WARNING:resource_bundle.cc(933)] locale resources are not loaded
[0815/160802.754:WARNING:resource_bundle.cc(933)] locale resources are not loaded
[0815/160802.754:WARNING:resource_bundle.cc(933)] locale resources are not loaded
[0815/160802.754:WARNING:resource_bundle.cc(933)] locale resources are not loaded
[0815/160802.754:WARNING:resource_bundle.cc(933)] locale resources are not loaded
[0815/160802.754:WARNING:resource_bundle.cc(933)] locale resources are not loaded
[0815/160802.754:WARNING:resource_bundle.cc(933)] locale resources are not loaded
[0815/160802.754:WARNING:resource_bundle.cc(933)] locale resources are not loaded
[0815/160802.754:WARNING:resource_bundle.cc(933)] locale resources are not loaded
[0815/160802.754:WARNING:resource_bundle.cc(933)] locale resources are not loaded
[0815/160802.754:WARNING:resource_bundle.cc(933)] locale resources are not loaded
[0815/160802.754:WARNING:resource_bundle.cc(933)] locale resources are not loaded
[0815/160802.754:WARNING:resource_bundle.cc(933)] locale resources are not loaded
[0815/160802.754:WARNING:resource_bundle.cc(933)] locale resources are not loaded
[0815/160802.754:WARNING:resource_bundle.cc(933)] locale resources are not loaded
[0815/160802.754:WARNING:resource_bundle.cc(933)] locale resources are not loaded
[0815/160802.755:WARNING:resource_bundle.cc(933)] locale resources are not loaded
[0815/160802.755:WARNING:resource_bundle.cc(933)] locale resources are not loaded
[0815/160802.755:WARNING:resource_bundle.cc(933)] locale resources are not loaded
[0815/160802.755:WARNING:resource_bundle.cc(933)] locale resources are not loaded
[0815/160802.755:WARNING:resource_bundle.cc(933)] locale resources are not loaded
[0815/160802.755:WARNING:resource_bundle.cc(933)] locale resources are not loaded
[0815/160802.757:WARNING:resource_bundle.cc(933)] locale resources are not loaded
[0815/160802.757:WARNING:resource_bundle.cc(933)] locale resources are not loaded
[0815/160802.757:WARNING:resource_bundle.cc(933)] locale resources are not loaded
[0815/160802.757:WARNING:resource_bundle.cc(933)] locale resources are not loaded
[0815/160813.440:WARNING:resource_bundle.cc(357)] locale_file_path.empty() for locale 
[0815/160813.440:ERROR:main_delegate.cc(781)] Could not load locale pak for en-US
[0815/160813.484:WARNING:resource_bundle.cc(357)] locale_file_path.empty() for locale 
[0815/160813.484:ERROR:main_delegate.cc(781)] Could not load locale pak for en-US
[0815/160813.557:WARNING:resource_bundle.cc(933)] locale resources are not loaded
[0815/160813.558:WARNING:resource_bundle.cc(933)] locale resources are not loaded
[0815/160819.160:INFO:CONSOLE(523)] "Powered by AMP ⚡ HTML – Version 1907301630320", source: https://cdn.ampproject.org/rtv/011907301630320/amp4ads-v0.js (523)
[0815/160822.291:INFO:CONSOLE(0)] "The resource https://pagead2.googlesyndication.com/pagead/js/r20190812/r20190131/show_ads_impl.js was preloaded using link preload but not used within a few seconds from the window's load event. Please make sure it has an appropriate `as` value and it is preloaded intentionally.", source:  (0)
[0815/160903.430:WARNING:resource_bundle.cc(933)] locale resources are not loaded
[0815/160903.430:WARNING:resource_bundle.cc(933)] locale resources are not loaded
[0815/160903.592:WARNING:resource_bundle.cc(357)] locale_file_path.empty() for locale 
[0815/160903.592:ERROR:main_delegate.cc(781)] Could not load locale pak for en-US
[0815/160904.605:INFO:CONSOLE(523)] "Powered by AMP ⚡ HTML – Version 1907301630320", source: https://cdn.ampproject.org/rtv/011907301630320/amp4ads-v0.js (523)
[0815/160953.671:WARNING:resource_bundle.cc(933)] locale resources are not loaded
[0815/160953.671:WARNING:resource_bundle.cc(933)] locale resources are not loaded
[0815/160953.823:WARNING:resource_bundle.cc(357)] locale_file_path.empty() for locale 
[0815/160953.823:ERROR:main_delegate.cc(781)] Could not load locale pak for en-US
[0815/160954.679:INFO:CONSOLE(523)] "Powered by AMP ⚡ HTML – Version 1907301630320", source: https://cdn.ampproject.org/rtv/011907301630320/amp4ads-v0.js (523)
[0815/161044.001:WARNING:resource_bundle.cc(933)] locale resources are not loaded
[0815/161044.001:WARNING:resource_bundle.cc(933)] locale resources are not loaded
[0815/161044.135:WARNING:resource_bundle.cc(357)] locale_file_path.empty() for locale 
[0815/161044.135:ERROR:main_delegate.cc(781)] Could not load locale pak for en-US
[0815/161049.909:INFO:CONSOLE(0)] "The resource https://pagead2.googlesyndication.com/pagead/js/r20190812/r20190131/show_ads_impl.js was preloaded using link preload but not used within a few seconds from the window's load event. Please make sure it has an appropriate `as` value and it is preloaded intentionally.", source:  (0)
[0815/161134.243:WARNING:resource_bundle.cc(933)] locale resources are not loaded
[0815/161134.243:WARNING:resource_bundle.cc(933)] locale resources are not loaded
[0815/161134.410:WARNING:resource_bundle.cc(357)] locale_file_path.empty() for locale 
[0815/161134.410:ERROR:main_delegate.cc(781)] Could not load locale pak for en-US
[0815/161135.291:INFO:CONSOLE(523)] "Powered by AMP ⚡ HTML – Version 1907301630320", source: https://cdn.ampproject.org/rtv/011907301630320/amp4ads-v0.js (523)
[0815/161138.580:INFO:CONSOLE(0)] "The resource https://pagead2.googlesyndication.com/pagead/js/r20190812/r20190131/show_ads_impl.js was preloaded using link preload but not used within a few seconds from the window's load event. Please make sure it has an appropriate `as` value and it is preloaded intentionally.", source:  (0)
[0815/161224.535:WARNING:resource_bundle.cc(933)] locale resources are not loaded
[0815/161224.535:WARNING:resource_bundle.cc(933)] locale resources are not loaded
[0815/161224.677:WARNING:resource_bundle.cc(357)] locale_file_path.empty() for locale 
[0815/161224.678:ERROR:main_delegate.cc(781)] Could not load locale pak for en-US
[0815/161230.270:INFO:CONSOLE(0)] "The resource https://pagead2.googlesyndication.com/pagead/js/r20190812/r20190131/show_ads_impl.js was preloaded using link preload but not used within a few seconds from the window's load event. Please make sure it has an appropriate `as` value and it is preloaded intentionally.", source:  (0)
[0819/085101.624:INFO:CONSOLE(0)] "The resource https://pagead2.googlesyndication.com/pagead/js/r20190814/r20190131/show_ads_impl.js was preloaded using link preload but not used within a few seconds from the window's load event. Please make sure it has an appropriate `as` value and it is preloaded intentionally.", source:  (0)
[0907/150652.329:INFO:CONSOLE(0)] "The resource https://pagead2.googlesyndication.com/pagead/js/r20190903/r20190131/show_ads_impl.js was preloaded using link preload but not used within a few seconds from the window's load event. Please make sure it has an appropriate `as` value and it is preloaded intentionally.", source:  (0)
[0907/150721.569:WARNING:spdy_session.cc(3180)] Received HEADERS for invalid stream 9
[0907/150737.163:INFO:CONSOLE(0)] "The resource https://pagead2.googlesyndication.com/pagead/js/r20190903/r20190131/show_ads_impl.js was preloaded using link preload but not used within a few seconds from the window's load event. Please make sure it has an appropriate `as` value and it is preloaded intentionally.", source:  (0)
[0907/151006.785:INFO:CONSOLE(0)] "The resource https://pagead2.googlesyndication.com/pagead/js/r20190903/r20190131/show_ads_impl_fy2019.js?cache=bust was preloaded using link preload but not used within a few seconds from the window's load event. Please make sure it has an appropriate `as` value and it is preloaded intentionally.", source:  (0)
[0907/151057.906:INFO:CONSOLE(0)] "The resource https://pagead2.googlesyndication.com/pagead/js/r20190903/r20190131/show_ads_impl.js was preloaded using link preload but not used within a few seconds from the window's load event. Please make sure it has an appropriate `as` value and it is preloaded intentionally.", source:  (0)
[0907/151135.371:INFO:CONSOLE(0)] "The resource https://pagead2.googlesyndication.com/pagead/js/r20190903/r20190131/show_ads_impl.js was preloaded using link preload but not used within a few seconds from the window's load event. Please make sure it has an appropriate `as` value and it is preloaded intentionally.", source:  (0)
[0907/151224.996:INFO:CONSOLE(0)] "The resource https://pagead2.googlesyndication.com/pagead/js/r20190903/r20190131/show_ads_impl.js was preloaded using link preload but not used within a few seconds from the window's load event. Please make sure it has an appropriate `as` value and it is preloaded intentionally.", source:  (0)
[0907/151316.218:INFO:CONSOLE(0)] "The resource https://pagead2.googlesyndication.com/pagead/js/r20190903/r20190131/show_ads_impl.js was preloaded using link preload but not used within a few seconds from the window's load event. Please make sure it has an appropriate `as` value and it is preloaded intentionally.", source:  (0)
[0907/151603.256:INFO:CONSOLE(0)] "The resource https://pagead2.googlesyndication.com/pagead/js/r20190903/r20190131/show_ads_impl.js was preloaded using link preload but not used within a few seconds from the window's load event. Please make sure it has an appropriate `as` value and it is preloaded intentionally.", source:  (0)
[0907/151835.185:INFO:CONSOLE(0)] "The resource https://pagead2.googlesyndication.com/pagead/js/r20190903/r20190131/show_ads_impl.js was preloaded using link preload but not used within a few seconds from the window's load event. Please make sure it has an appropriate `as` value and it is preloaded intentionally.", source:  (0)
[0907/152103.318:INFO:CONSOLE(0)] "The resource https://pagead2.googlesyndication.com/pagead/js/r20190903/r20190131/show_ads_impl.js was preloaded using link preload but not used within a few seconds from the window's load event. Please make sure it has an appropriate `as` value and it is preloaded intentionally.", source:  (0)
[0907/153713.971:INFO:CONSOLE(0)] "The resource https://pagead2.googlesyndication.com/pagead/js/r20190903/r20190131/show_ads_impl.js was preloaded using link preload but not used within a few seconds from the window's load event. Please make sure it has an appropriate `as` value and it is preloaded intentionally.", source:  (0)
[0907/153809.820:INFO:CONSOLE(0)] "The resource https://pagead2.googlesyndication.com/pagead/js/r20190903/r20190131/show_ads_impl.js was preloaded using link preload but not used within a few seconds from the window's load event. Please make sure it has an appropriate `as` value and it is preloaded intentionally.", source:  (0)
[0907/153905.758:INFO:CONSOLE(0)] "The resource https://pagead2.googlesyndication.com/pagead/js/r20190903/r20190131/show_ads_impl.js was preloaded using link preload but not used within a few seconds from the window's load event. Please make sure it has an appropriate `as` value and it is preloaded intentionally.", source:  (0)
[0907/154128.970:INFO:CONSOLE(0)] "The resource https://pagead2.googlesyndication.com/pagead/js/r20190903/r20190131/show_ads_impl.js was preloaded using link preload but not used within a few seconds from the window's load event. Please make sure it has an appropriate `as` value and it is preloaded intentionally.", source:  (0)
[0907/154218.961:INFO:CONSOLE(0)] "The resource https://pagead2.googlesyndication.com/pagead/js/r20190903/r20190131/show_ads_impl.js was preloaded using link preload but not used within a few seconds from the window's load event. Please make sure it has an appropriate `as` value and it is preloaded intentionally.", source:  (0)
[0907/154816.214:INFO:CONSOLE(0)] "The resource https://pagead2.googlesyndication.com/pagead/js/r20190903/r20190131/show_ads_impl.js was preloaded using link preload but not used within a few seconds from the window's load event. Please make sure it has an appropriate `as` value and it is preloaded intentionally.", source:  (0)
[0907/155601.916:INFO:CONSOLE(0)] "The resource https://pagead2.googlesyndication.com/pagead/js/r20190903/r20190131/show_ads_impl.js was preloaded using link preload but not used within a few seconds from the window's load event. Please make sure it has an appropriate `as` value and it is preloaded intentionally.", source:  (0)
[0907/160214.128:INFO:CONSOLE(0)] "The resource https://pagead2.googlesyndication.com/pagead/js/r20190903/r20190131/show_ads_impl.js was preloaded using link preload but not used within a few seconds from the window's load event. Please make sure it has an appropriate `as` value and it is preloaded intentionally.", source:  (0)
[0907/165152.126:WARNING:spdy_session.cc(3180)] Received HEADERS for invalid stream 3
[0907/165152.171:WARNING:spdy_session.cc(3180)] Received HEADERS for invalid stream 3
[0907/165512.202:INFO:CONSOLE(0)] "The resource https://pagead2.googlesyndication.com/pagead/js/r20190903/r20190131/show_ads_impl.js was preloaded using link preload but not used within a few seconds from the window's load event. Please make sure it has an appropriate `as` value and it is preloaded intentionally.", source:  (0)
[0907/165847.650:INFO:CONSOLE(0)] "The resource https://pagead2.googlesyndication.com/pagead/js/r20190903/r20190131/show_ads_impl.js was preloaded using link preload but not used within a few seconds from the window's load event. Please make sure it has an appropriate `as` value and it is preloaded intentionally.", source:  (0)
[0907/170051.640:INFO:CONSOLE(0)] "The resource https://pagead2.googlesyndication.com/pagead/js/r20190903/r20190131/show_ads_impl.js was preloaded using link preload but not used within a few seconds from the window's load event. Please make sure it has an appropriate `as` value and it is preloaded intentionally.", source:  (0)
[0907/170218.473:INFO:CONSOLE(0)] "The resource https://pagead2.googlesyndication.com/pagead/js/r20190903/r20190131/show_ads_impl.js was preloaded using link preload but not used within a few seconds from the window's load event. Please make sure it has an appropriate `as` value and it is preloaded intentionally.", source:  (0)
[0907/170250.750:INFO:CONSOLE(0)] "The resource https://pagead2.googlesyndication.com/pagead/js/r20190903/r20190131/show_ads_impl.js was preloaded using link preload but not used within a few seconds from the window's load event. Please make sure it has an appropriate `as` value and it is preloaded intentionally.", source:  (0)
[0907/170649.692:INFO:CONSOLE(0)] "The resource https://pagead2.googlesyndication.com/pagead/js/r20190903/r20190131/show_ads_impl.js was preloaded using link preload but not used within a few seconds from the window's load event. Please make sure it has an appropriate `as` value and it is preloaded intentionally.", source:  (0)
[0907/170843.318:INFO:CONSOLE(0)] "The resource https://pagead2.googlesyndication.com/pagead/js/r20190903/r20190131/show_ads_impl.js was preloaded using link preload but not used within a few seconds from the window's load event. Please make sure it has an appropriate `as` value and it is preloaded intentionally.", source:  (0)
[0907/170935.802:INFO:CONSOLE(0)] "The resource https://pagead2.googlesyndication.com/pagead/js/r20190903/r20190131/show_ads_impl.js was preloaded using link preload but not used within a few seconds from the window's load event. Please make sure it has an appropriate `as` value and it is preloaded intentionally.", source:  (0)
[0907/171125.729:INFO:CONSOLE(0)] "The resource https://pagead2.googlesyndication.com/pagead/js/r20190903/r20190131/show_ads_impl.js was preloaded using link preload but not used within a few seconds from the window's load event. Please make sure it has an appropriate `as` value and it is preloaded intentionally.", source:  (0)
[0204/212754.458:ERROR:service_worker_storage.cc(2155)] Failed to delete the database: Database IO error
